datalayer/sample/phone/build/intermediates/manifest_merge_blame_file/debug/processDebugMainManifest/manifest-merger-blame-debug-report.txt
1<?xml version="1.0" encoding="utf-8"?>
2<!--
3  ~ Copyright 2023 The Android Open Source Project
4  ~
5  ~ Licensed under the Apache License, Version 2.0 (the "License");
6  ~ you may not use this file except in compliance with the License.
7  ~ You may obtain a copy of the License at
8  ~
9  ~      https://www.apache.org/licenses/LICENSE-2.0
10  ~
11  ~ Unless required by applicable law or agreed to in writing, software
12  ~ distributed under the License is distributed on an "AS IS" BASIS,
13  ~ WITHOUT WARRANTIES OR CONDITIONS OF ANY KIND, either express or implied.
14  ~ See the License for the specific language governing permissions and
15  ~ limitations under the License.
16-->
17<manifest xmlns:android="http://schemas.android.com/apk/res/android"
18    package="com.google.android.horologist.datalayer.sample.debug"
19    android:versionCode="1"
20    android:versionName="1.0" >
21
22    <uses-sdk
23        android:minSdkVersion="21"
24        android:targetSdkVersion="34" />
25
26    <uses-permission android:name="android.permission.INTERNET" />
26-->src\main\AndroidManifest.xml:21:5-67
26-->src\main\AndroidManifest.xml:21:22-64
27
28    <!--
29        Required in order to very briefly wake up the screen of the device when launching an app /
30        Activity remotely via the AppHelper.
31    -->
32    <uses-permission android:name="android.permission.WAKE_LOCK" />
32-->[:datalayer:core] AndroidManifest.xml:30:5-68
32-->[:datalayer:core] AndroidManifest.xml:30:22-65
33    <!--
34        Required to be able to identify the companion with NodeClient, via calls to
35        getCompanionPackageForNode().
36    -->
37    <queries>
37-->[:datalayer:core] AndroidManifest.xml:36:5-42:15
38        <intent>
38-->[:datalayer:core] AndroidManifest.xml:37:9-41:18
39            <action android:name="com.google.android.gms.wearable.CAPABILITY_CHANGED" />
39-->[:datalayer:core] AndroidManifest.xml:38:13-89
39-->[:datalayer:core] AndroidManifest.xml:38:21-86
40
41            <data android:scheme="wear" />
41-->src\main\AndroidManifest.xml:55:17-59:23
41-->src\main\AndroidManifest.xml:58:21-42
42        </intent>
43    </queries>
44
45    <permission
45-->[androidx.core:core:1.13.1] AndroidManifest.xml:22:5-24:47
46        android:name="com.google.android.horologist.datalayer.sample.debug.DYNAMIC_RECEIVER_NOT_EXPORTED_PERMISSION"
46-->[androidx.core:core:1.13.1] AndroidManifest.xml:23:9-81
47        android:protectionLevel="signature" />
47-->[androidx.core:core:1.13.1] AndroidManifest.xml:24:9-44
48
49    <uses-permission android:name="com.google.android.horologist.datalayer.sample.debug.DYNAMIC_RECEIVER_NOT_EXPORTED_PERMISSION" />
49-->[androidx.core:core:1.13.1] AndroidManifest.xml:26:5-97
49-->[androidx.core:core:1.13.1] AndroidManifest.xml:26:22-94
50
51    <application
51-->src\main\AndroidManifest.xml:23:5-63:19
52        android:name="com.google.android.horologist.datalayer.sample.App"
52-->src\main\AndroidManifest.xml:24:9-28
53        android:allowBackup="true"
53-->src\main\AndroidManifest.xml:25:9-35
54        android:appComponentFactory="androidx.core.app.CoreComponentFactory"
54-->[androidx.core:core:1.13.1] AndroidManifest.xml:28:18-86
55        android:debuggable="true"
56        android:extractNativeLibs="true"
57        android:icon="@mipmap/ic_launcher"
57-->src\main\AndroidManifest.xml:26:9-43
58        android:label="@string/app_name"
58-->src\main\AndroidManifest.xml:27:9-41
59        android:roundIcon="@mipmap/ic_launcher_round"
59-->src\main\AndroidManifest.xml:28:9-54
60        android:supportsRtl="true"
60-->src\main\AndroidManifest.xml:29:9-35
61        android:testOnly="true"
62        android:theme="@style/Theme.Horologist" >
62-->src\main\AndroidManifest.xml:30:9-48
63        <activity
63-->src\main\AndroidManifest.xml:32:9-43:20
64            android:name="com.google.android.horologist.datalayer.sample.MainActivity"
64-->src\main\AndroidManifest.xml:33:13-41
65            android:exported="true"
65-->src\main\AndroidManifest.xml:34:13-36
66            android:taskAffinity=".main"
66-->src\main\AndroidManifest.xml:35:13-41
67            android:theme="@style/Theme.Horologist" >
67-->src\main\AndroidManifest.xml:36:13-52
68            <intent-filter>
68-->src\main\AndroidManifest.xml:38:13-42:29
69                <action android:name="android.intent.action.MAIN" />
69-->src\main\AndroidManifest.xml:39:17-69
69-->src\main\AndroidManifest.xml:39:25-66
70
71                <category android:name="android.intent.category.LAUNCHER" />
71-->src\main\AndroidManifest.xml:41:17-77
71-->src\main\AndroidManifest.xml:41:27-74
72            </intent-filter>
73        </activity>
74        <activity
74-->src\main\AndroidManifest.xml:45:9-49:55
75            android:name="com.google.android.horologist.datalayer.sample.screens.startremote.StartRemoteSampleActivity"
75-->src\main\AndroidManifest.xml:46:13-74
76            android:exported="false"
76-->src\main\AndroidManifest.xml:47:13-37
77            android:taskAffinity=".main"
77-->src\main\AndroidManifest.xml:48:13-41
78            android:theme="@style/Theme.Horologist" />
78-->src\main\AndroidManifest.xml:49:13-52
79
80        <service
80-->src\main\AndroidManifest.xml:51:9-61:19
81            android:name="com.google.android.horologist.datalayer.sample.grpc.WearCounterDataService"
81-->src\main\AndroidManifest.xml:51:18-61
82            android:exported="true" >
82-->src\main\AndroidManifest.xml:51:62-85
83            <intent-filter>
83-->src\main\AndroidManifest.xml:53:13-60:29
84                <action android:name="com.google.android.gms.wearable.REQUEST_RECEIVED" />
84-->src\main\AndroidManifest.xml:54:17-91
84-->src\main\AndroidManifest.xml:54:25-88
85
86                <data
86-->src\main\AndroidManifest.xml:55:17-59:23
87                    android:host="*"
87-->src\main\AndroidManifest.xml:56:21-37
88                    android:pathPrefix="/grpc/"
88-->src\main\AndroidManifest.xml:57:21-48
89                    android:scheme="wear" />
89-->src\main\AndroidManifest.xml:58:21-42
90            </intent-filter>
91        </service>
92
93        <activity
93-->[:datalayer:phone-ui] AndroidManifest.xml:11:9-15:66
94            android:name="com.google.android.horologist.datalayer.phone.ui.prompt.installapp.InstallAppBottomSheetActivity"
94-->[:datalayer:phone-ui] AndroidManifest.xml:12:13-124
95            android:excludeFromRecents="true"
95-->[:datalayer:phone-ui] AndroidManifest.xml:13:13-46
96            android:exported="false"
96-->[:datalayer:phone-ui] AndroidManifest.xml:14:13-37
97            android:theme="@style/HorologistTheme.Transparent" />
97-->[:datalayer:phone-ui] AndroidManifest.xml:15:13-63
98        <activity
98-->[:datalayer:phone-ui] AndroidManifest.xml:16:9-20:66
99            android:name="com.google.android.horologist.datalayer.phone.ui.prompt.reengage.ReEngageBottomSheetActivity"
99-->[:datalayer:phone-ui] AndroidManifest.xml:17:13-120
100            android:excludeFromRecents="true"
100-->[:datalayer:phone-ui] AndroidManifest.xml:18:13-46
101            android:exported="false"
101-->[:datalayer:phone-ui] AndroidManifest.xml:19:13-37
102            android:theme="@style/HorologistTheme.Transparent" />
102-->[:datalayer:phone-ui] AndroidManifest.xml:20:13-63
103        <activity
103-->[:datalayer:phone-ui] AndroidManifest.xml:21:9-25:66
104            android:name="com.google.android.horologist.datalayer.phone.ui.prompt.signin.SignInBottomSheetActivity"
104-->[:datalayer:phone-ui] AndroidManifest.xml:22:13-116
105            android:excludeFromRecents="true"
105-->[:datalayer:phone-ui] AndroidManifest.xml:23:13-46
106            android:exported="false"
106-->[:datalayer:phone-ui] AndroidManifest.xml:24:13-37
107            android:theme="@style/HorologistTheme.Transparent" />
107-->[:datalayer:phone-ui] AndroidManifest.xml:25:13-63
108        <activity
108-->[:datalayer:phone-ui] AndroidManifest.xml:26:9-30:66
109            android:name="com.google.android.horologist.datalayer.phone.ui.prompt.installtile.InstallTileBottomSheetActivity"
109-->[:datalayer:phone-ui] AndroidManifest.xml:27:13-126
110            android:excludeFromRecents="true"
110-->[:datalayer:phone-ui] AndroidManifest.xml:28:13-46
111            android:exported="false"
111-->[:datalayer:phone-ui] AndroidManifest.xml:29:13-37
112            android:theme="@style/HorologistTheme.Transparent" />
112-->[:datalayer:phone-ui] AndroidManifest.xml:30:13-63
113
114        <service
114-->[:datalayer:phone] AndroidManifest.xml:26:9-38:19
115            android:name="com.google.android.horologist.datalayer.phone.PhoneDataLayerListenerService"
115-->[:datalayer:phone] AndroidManifest.xml:27:13-103
116            android:exported="true" >
116-->[:datalayer:phone] AndroidManifest.xml:28:13-36
117            <intent-filter>
117-->[:datalayer:phone] AndroidManifest.xml:30:13-37:29
118                <action android:name="com.google.android.gms.wearable.REQUEST_RECEIVED" />
118-->src\main\AndroidManifest.xml:54:17-91
118-->src\main\AndroidManifest.xml:54:25-88
119
120                <data
120-->src\main\AndroidManifest.xml:55:17-59:23
121                    android:host="*"
121-->src\main\AndroidManifest.xml:56:21-37
122                    android:path="/data_layer_app_helper/launch_app"
123                    android:scheme="wear" />
123-->src\main\AndroidManifest.xml:58:21-42
124            </intent-filter>
125        </service>
126
127        <uses-library
127-->[androidx.wear:wear-remote-interactions:1.1.0-rc01] AndroidManifest.xml:23:9-25:40
128            android:name="wear-sdk"
128-->[androidx.wear:wear-remote-interactions:1.1.0-rc01] AndroidManifest.xml:24:13-36
129            android:required="false" />
129-->[androidx.wear:wear-remote-interactions:1.1.0-rc01] AndroidManifest.xml:25:13-37
130
131        <activity
131-->[com.google.android.gms:play-services-base:18.5.0] AndroidManifest.xml:5:9-173
132            android:name="com.google.android.gms.common.api.GoogleApiActivity"
132-->[com.google.android.gms:play-services-base:18.5.0] AndroidManifest.xml:5:19-85
133            android:exported="false"
133-->[com.google.android.gms:play-services-base:18.5.0] AndroidManifest.xml:5:146-170
134            android:theme="@android:style/Theme.Translucent.NoTitleBar" />
134-->[com.google.android.gms:play-services-base:18.5.0] AndroidManifest.xml:5:86-145
135        <activity
135-->[androidx.compose.ui:ui-tooling-android:1.8.0-alpha01] AndroidManifest.xml:23:9-25:39
136            android:name="androidx.compose.ui.tooling.PreviewActivity"
136-->[androidx.compose.ui:ui-tooling-android:1.8.0-alpha01] AndroidManifest.xml:24:13-71
137            android:exported="true" />
137-->[androidx.compose.ui:ui-tooling-android:1.8.0-alpha01] AndroidManifest.xml:25:13-36
138
139        <provider
139-->[androidx.emoji2:emoji2:1.4.0] AndroidManifest.xml:24:9-32:20
140            android:name="androidx.startup.InitializationProvider"
140-->[androidx.emoji2:emoji2:1.4.0] AndroidManifest.xml:25:13-67
141            android:authorities="com.google.android.horologist.datalayer.sample.debug.androidx-startup"
141-->[androidx.emoji2:emoji2:1.4.0] AndroidManifest.xml:26:13-68
142            android:exported="false" >
142-->[androidx.emoji2:emoji2:1.4.0] AndroidManifest.xml:27:13-37
143            <meta-data
143-->[androidx.emoji2:emoji2:1.4.0] AndroidManifest.xml:29:13-31:52
144                android:name="androidx.emoji2.text.EmojiCompatInitializer"
144-->[androidx.emoji2:emoji2:1.4.0] AndroidManifest.xml:30:17-75
145                android:value="androidx.startup" />
145-->[androidx.emoji2:emoji2:1.4.0] AndroidManifest.xml:31:17-49
146            <meta-data
146-->[androidx.lifecycle:lifecycle-process:2.9.0-alpha02] AndroidManifest.xml:29:13-31:52
147                android:name="androidx.lifecycle.ProcessLifecycleInitializer"
147-->[androidx.lifecycle:lifecycle-process:2.9.0-alpha02] AndroidManifest.xml:30:17-78
148                android:value="androidx.startup" />
148-->[androidx.lifecycle:lifecycle-process:2.9.0-alpha02] AndroidManifest.xml:31:17-49
149            <meta-data
149-->[androidx.profileinstaller:profileinstaller:1.3.1] AndroidManifest.xml:29:13-31:52
150                android:name="androidx.profileinstaller.ProfileInstallerInitializer"
150-->[androidx.profileinstaller:profileinstaller:1.3.1] AndroidManifest.xml:30:17-85
151                android:value="androidx.startup" />
151-->[androidx.profileinstaller:profileinstaller:1.3.1] AndroidManifest.xml:31:17-49
152        </provider>
153
154        <activity
154-->[androidx.compose.ui:ui-test-manifest:1.8.0-alpha01] AndroidManifest.xml:23:9-25:39
155            android:name="androidx.activity.ComponentActivity"
155-->[androidx.compose.ui:ui-test-manifest:1.8.0-alpha01] AndroidManifest.xml:24:13-63
156            android:exported="true" />
156-->[androidx.compose.ui:ui-test-manifest:1.8.0-alpha01] AndroidManifest.xml:25:13-36
157
158        <meta-data
158-->[com.google.android.gms:play-services-basement:18.4.0] AndroidManifest.xml:6:9-122
159            android:name="com.google.android.gms.version"
159-->[com.google.android.gms:play-services-basement:18.4.0] AndroidManifest.xml:6:20-65
160            android:value="@integer/google_play_services_version" />
160-->[com.google.android.gms:play-services-basement:18.4.0] AndroidManifest.xml:6:66-119
161
162        <receiver
162-->[androidx.profileinstaller:profileinstaller:1.3.1] AndroidManifest.xml:34:9-52:20
163            android:name="androidx.profileinstaller.ProfileInstallReceiver"
163-->[androidx.profileinstaller:profileinstaller:1.3.1] AndroidManifest.xml:35:13-76
164            android:directBootAware="false"
164-->[androidx.profileinstaller:profileinstaller:1.3.1] AndroidManifest.xml:36:13-44
165            android:enabled="true"
165-->[androidx.profileinstaller:profileinstaller:1.3.1] AndroidManifest.xml:37:13-35
166            android:exported="true"
166-->[androidx.profileinstaller:profileinstaller:1.3.1] AndroidManifest.xml:38:13-36
167            android:permission="android.permission.DUMP" >
167-->[androidx.profileinstaller:profileinstaller:1.3.1] AndroidManifest.xml:39:13-57
168            <intent-filter>
168-->[androidx.profileinstaller:profileinstaller:1.3.1] AndroidManifest.xml:40:13-42:29
169                <action android:name="androidx.profileinstaller.action.INSTALL_PROFILE" />
169-->[androidx.profileinstaller:profileinstaller:1.3.1] AndroidManifest.xml:41:17-91
169-->[androidx.profileinstaller:profileinstaller:1.3.1] AndroidManifest.xml:41:25-88
170            </intent-filter>
171            <intent-filter>
171-->[androidx.profileinstaller:profileinstaller:1.3.1] AndroidManifest.xml:43:13-45:29
172                <action android:name="androidx.profileinstaller.action.SKIP_FILE" />
172-->[androidx.profileinstaller:profileinstaller:1.3.1] AndroidManifest.xml:44:17-85
172-->[androidx.profileinstaller:profileinstaller:1.3.1] AndroidManifest.xml:44:25-82
173            </intent-filter>
174            <intent-filter>
174-->[androidx.profileinstaller:profileinstaller:1.3.1] AndroidManifest.xml:46:13-48:29
175                <action android:name="androidx.profileinstaller.action.SAVE_PROFILE" />
175-->[androidx.profileinstaller:profileinstaller:1.3.1] AndroidManifest.xml:47:17-88
175-->[androidx.profileinstaller:profileinstaller:1.3.1] AndroidManifest.xml:47:25-85
176            </intent-filter>
177            <intent-filter>
177-->[androidx.profileinstaller:profileinstaller:1.3.1] AndroidManifest.xml:49:13-51:29
178                <action android:name="androidx.profileinstaller.action.BENCHMARK_OPERATION" />
178-->[androidx.profileinstaller:profileinstaller:1.3.1] AndroidManifest.xml:50:17-95
178-->[androidx.profileinstaller:profileinstaller:1.3.1] AndroidManifest.xml:50:25-92
179            </intent-filter>
180        </receiver>
181    </application>
182
183</manifest>